
STARTTIME: Saturday 06 February 2021 12:17:12 PM IST
END TIME:  Saturday 06 February 2021 12:17:12 PM IST

START-------------------------------------------------


STARTTIME: Saturday 06 February 2021 12:18:24 PM IST
END TIME:  Saturday 06 February 2021 12:18:24 PM IST

START-------------------------------------------------


STARTTIME: Saturday 06 February 2021 12:20:11 PM IST
END TIME:  Saturday 06 February 2021 12:20:11 PM IST

START-------------------------------------------------


STARTTIME: Saturday 06 February 2021 12:21:03 PM IST
END TIME:  Saturday 06 February 2021 12:21:03 PM IST

START-------------------------------------------------


STARTTIME: Saturday 06 February 2021 12:28:45 PM IST
END TIME:  Saturday 06 February 2021 12:28:45 PM IST

START-------------------------------------------------


STARTTIME: Saturday 06 February 2021 12:32:06 PM IST
END TIME:  Saturday 06 February 2021 12:32:06 PM IST

START-------------------------------------------------


STARTTIME: Saturday 06 February 2021 01:18:47 PM IST
END TIME:  Saturday 06 February 2021 01:18:47 PM IST

START-------------------------------------------------


STARTTIME: Saturday 06 February 2021 01:18:54 PM IST
END TIME:  Saturday 06 February 2021 01:18:54 PM IST

START-------------------------------------------------


STARTTIME: Saturday 06 February 2021 01:25:17 PM IST
END TIME:  Saturday 06 February 2021 01:25:17 PM IST

START-------------------------------------------------


STARTTIME: Saturday 06 February 2021 01:28:41 PM IST
END TIME:  Saturday 06 February 2021 01:28:48 PM IST

START-------------------------------------------------


STARTTIME: Saturday 06 February 2021 01:40:09 PM IST
END TIME:  Saturday 06 February 2021 01:40:15 PM IST

START-------------------------------------------------

START-------------------------------------------------


STARTTIME: Saturday 06 February 2021 02:56:41 PM IST
END TIME:  Saturday 06 February 2021 02:56:47 PM IST

START-------------------------------------------------


STARTTIME: Sunday 07 February 2021 06:58:50 PM IST
END TIME:  Sunday 07 February 2021 06:58:55 PM IST

